TN:
SF:src/js/http.js
FN:1,fetchData
FNF:1
FNH:0
FNDA:0,fetchData
DA:2,0
LF:1
LH:0
BRF:0
BRH:0
end_of_record
TN:
SF:src/js/tasks.js
FN:3,getHealthState
FN:13,sortHeroesByHealth
FN:14,(anonymous_2)
FN:19,getLevel
FNF:4
FNH:4
FNDA:3,getHealthState
FNDA:1,sortHeroesByHealth
FNDA:4,(anonymous_2)
FNDA:3,getLevel
DA:1,1
DA:4,3
DA:5,1
DA:6,2
DA:7,1
DA:9,1
DA:14,4
DA:20,3
DA:21,3
DA:23,2
DA:24,1
DA:26,1
DA:28,1
LF:13
LH:13
BRDA:4,0,0,1
BRDA:4,0,1,2
BRDA:6,1,0,1
BRDA:6,1,1,1
BRDA:6,2,0,2
BRDA:6,2,1,2
BRDA:23,3,0,1
BRDA:23,3,1,1
BRF:8
BRH:8
end_of_record
